2024.10.25 20:11:24 INFO  tracing is disabled for protocol LSP, to enable tracing of incoming and outgoing JSON messages create an empty file at c:\Users\renan\botelegram\.metals\lsp.trace.json
2024.10.25 20:11:34 ERROR Failed to get project directories
java.util.concurrent.TimeoutException: Future timed out after [5 seconds]
	at scala.concurrent.impl.Promise$DefaultPromise.tryAwait0(Promise.scala:248)
	at scala.concurrent.impl.Promise$DefaultPromise.result(Promise.scala:261)
	at scala.concurrent.Await$.$anonfun$result$1(package.scala:201)
	at scala.concurrent.BlockContext$DefaultBlockContext$.blockOn(BlockContext.scala:62)
	at scala.concurrent.Await$.result(package.scala:124)
	at scala.meta.internal.metals.MetalsProjectDirectories$.$anonfun$wrap$1(MetalsProjectDirectories.scala:39)
	at scala.util.Try$.apply(Try.scala:217)
	at scala.meta.internal.metals.MetalsProjectDirectories$.wrap(MetalsProjectDirectories.scala:37)
	at scala.meta.internal.metals.MetalsProjectDirectories$.fromPath(MetalsProjectDirectories.scala:30)
	at scala.meta.internal.bsp.BspServers$.globalInstallDirectories(BspServers.scala:209)
	at scala.meta.internal.metals.MetalsServerInputs$.productionConfiguration(MetalsServerInputs.scala:75)
	at scala.meta.metals.MetalsLanguageServer$.$lessinit$greater$default$3(MetalsLanguageServer.scala:48)
	at scala.meta.metals.Main$.main(Main.scala:45)
	at scala.meta.metals.Main.main(Main.scala)

2024.10.25 20:12:38 ERROR Failed to get project directories
java.util.concurrent.TimeoutException: Future timed out after [5 seconds]
	at scala.concurrent.impl.Promise$DefaultPromise.tryAwait0(Promise.scala:248)
	at scala.concurrent.impl.Promise$DefaultPromise.result(Promise.scala:261)
	at scala.concurrent.Await$.$anonfun$result$1(package.scala:201)
	at scala.concurrent.BlockContext$DefaultBlockContext$.blockOn(BlockContext.scala:62)
	at scala.concurrent.Await$.result(package.scala:124)
	at scala.meta.internal.metals.MetalsProjectDirectories$.$anonfun$wrap$1(MetalsProjectDirectories.scala:39)
	at scala.util.Try$.apply(Try.scala:217)
	at scala.meta.internal.metals.MetalsProjectDirectories$.wrap(MetalsProjectDirectories.scala:37)
	at scala.meta.internal.metals.MetalsProjectDirectories$.from(MetalsProjectDirectories.scala:23)
	at scala.meta.internal.metals.BloopServers$.createBloopWorkingDir(BloopServers.scala:439)
	at scala.meta.internal.metals.BloopServers.<init>(BloopServers.scala:67)
	at scala.meta.internal.metals.ProjectMetalsLspService.<init>(ProjectMetalsLspService.scala:155)
	at scala.meta.internal.metals.WorkspaceLspService.createService(WorkspaceLspService.scala:215)
	at scala.meta.internal.metals.WorkspaceLspService.$anonfun$workspaceFolders$1(WorkspaceLspService.scala:222)
	at scala.collection.immutable.List.map(List.scala:247)
	at scala.meta.internal.metals.WorkspaceFolders.initServices(WorkspaceFolders.scala:44)
	at scala.meta.internal.metals.WorkspaceFolders.<init>(WorkspaceFolders.scala:22)
	at scala.meta.internal.metals.WorkspaceLspService.<init>(WorkspaceLspService.scala:220)
	at scala.meta.metals.MetalsLanguageServer.createService(MetalsLanguageServer.scala:219)
	at scala.meta.metals.MetalsLanguageServer.initialize(MetalsLanguageServer.scala:160)
	at jdk.internal.reflect.NativeMethodAccessorImpl.invoke0(Native Method)
	at jdk.internal.reflect.NativeMethodAccessorImpl.invoke(NativeMethodAccessorImpl.java:77)
	at jdk.internal.reflect.DelegatingMethodAccessorImpl.invoke(DelegatingMethodAccessorImpl.java:43)
	at java.lang.reflect.Method.invoke(Method.java:568)
	at org.eclipse.lsp4j.jsonrpc.services.GenericEndpoint.lambda$recursiveFindRpcMethods$0(GenericEndpoint.java:65)
	at org.eclipse.lsp4j.jsonrpc.services.GenericEndpoint.request(GenericEndpoint.java:128)
	at org.eclipse.lsp4j.jsonrpc.RemoteEndpoint.handleRequest(RemoteEndpoint.java:271)
	at org.eclipse.lsp4j.jsonrpc.RemoteEndpoint.consume(RemoteEndpoint.java:201)
	at org.eclipse.lsp4j.jsonrpc.json.StreamMessageProducer.handleMessage(StreamMessageProducer.java:185)
	at org.eclipse.lsp4j.jsonrpc.json.StreamMessageProducer.listen(StreamMessageProducer.java:97)
	at org.eclipse.lsp4j.jsonrpc.json.ConcurrentMessageProcessor.run(ConcurrentMessageProcessor.java:114)
	at java.util.concurrent.Executors$RunnableAdapter.call(Executors.java:539)
	at java.util.concurrent.FutureTask.run(FutureTask.java:264)
	at java.util.concurrent.ThreadPoolExecutor.runWorker(ThreadPoolExecutor.java:1136)
	at java.util.concurrent.ThreadPoolExecutor$Worker.run(ThreadPoolExecutor.java:635)
	at java.lang.Thread.run(Thread.java:833)

2024.10.25 20:12:39 INFO  logging to files C:\Users\renan\botelegram\.metals\metals.log
2024.10.25 20:12:39 INFO  Started: Metals version 1.4.0 in folders 'C:\Users\renan\botelegram' for client Visual Studio Code 1.94.2.
2024.10.25 20:12:39 INFO  time: initialize in 0.22s
2024.10.25 20:13:14 WARN  Flyway upgrade recommended: H2 2.3.232 is newer than this version of Flyway and support has not been tested. The latest supported version of H2 is 2.2.224.
2024.10.25 20:13:20 WARN  no build tool detected in workspace 'C:\Users\renan\botelegram'. The most common cause for this problem is that the editor was opened in the wrong working directory, for example if you use sbt then the workspace directory should contain build.sbt. 
2024.10.25 20:13:22 WARN  Build server is not auto-connectable.
